#
# There is insufficient memory for the Java Runtime Environment to continue.
# Native memory allocation (mmap) failed to map 266338304 bytes for G1 virtual space
# Possible reasons:
#   The system is out of physical RAM or swap space
#   The process is running with CompressedOops enabled, and the Java Heap may be blocking the growth of the native heap
# Possible solutions:
#   Reduce memory load on the system
#   Increase physical memory or swap space
#   Check if swap backing store is full
#   Decrease Java heap size (-Xmx/-Xms)
#   Decrease number of Java threads
#   Decrease Java thread stack sizes (-Xss)
#   Set larger code cache with -XX:ReservedCodeCacheSize=
#   JVM is running with Zero Based Compressed Oops mode in which the Java heap is
#     placed in the first 32GB address space. The Java Heap base address is the
#     maximum limit for the native heap growth. Please use -XX:HeapBaseMinAddress
#     to set the Java Heap base and to place the Java Heap above 32GB virtual address.
# This output file may be truncated or incomplete.
#
#  Out of Memory Error (os_windows.cpp:3550), pid=900036, tid=900064
#
# JRE version:  (17.0.7+8) (build )
# Java VM: Java HotSpot(TM) 64-Bit Server VM (17.0.7+8-LTS-224, mixed mode, sharing, tiered, compressed oops, compressed class ptrs, g1 gc, windows-amd64)
# No core dump will be written. Minidumps are not enabled by default on client versions of Windows
#

---------------  S U M M A R Y ------------

Command Line: -Dclassworlds.conf=D:\App File\NetBeans-22\netbeans\java\maven\bin\m2.conf -Dmaven.home=D:\App File\NetBeans-22\netbeans\java\maven -Dlibrary.jansi.path=D:\App File\NetBeans-22\netbeans\java\maven\lib\jansi-native -Dmaven.multiModuleProjectDirectory=C:\Users\iemeiemi\Documents\NetBeansProjects\UDPSocketServer org.codehaus.plexus.classworlds.launcher.Launcher -Dexec.vmArgs= -Dexec.args=${exec.vmArgs} -classpath %classpath ${exec.mainClass} ${exec.appArgs} -Dexec.appArgs= -Dexec.mainClass=com.mycompany.udpsocketserver.UDPSocketServer -Dexec.executable=C:\Program Files\Java\jdk-17\bin\java.exe -Dmaven.ext.class.path=D:\App File\NetBeans-22\netbeans\java\maven-nblib\netbeans-eventspy.jar --no-transfer-progress process-classes org.codehaus.mojo:exec-maven-plugin:3.1.0:exec

Host: 11th Gen Intel(R) Core(TM) i5-11400H @ 2.70GHz, 12 cores, 15G,  Windows 11 , 64 bit Build 22621 (10.0.22621.3958)
Time: Mon Sep 30 15:54:33 2024 SE Asia Standard Time elapsed time: 0.014655 seconds (0d 0h 0m 0s)

---------------  T H R E A D  ---------------

Current thread (0x000002e4780d5e40):  JavaThread "Unknown thread" [_thread_in_vm, id=900064, stack(0x000000f95d100000,0x000000f95d200000)]

Stack: [0x000000f95d100000,0x000000f95d200000]
Native frames: (J=compiled Java code, j=interpreted, Vv=VM code, C=native code)
V  [jvm.dll+0x676a4a]
V  [jvm.dll+0x7d74f4]
V  [jvm.dll+0x7d8c9e]
V  [jvm.dll+0x7d9303]
V  [jvm.dll+0x2452c5]
V  [jvm.dll+0x6738f9]
V  [jvm.dll+0x668232]
V  [jvm.dll+0x302826]
V  [jvm.dll+0x309da6]
V  [jvm.dll+0x35952e]
V  [jvm.dll+0x35975f]
V  [jvm.dll+0x2d9a38]
V  [jvm.dll+0x2da9a4]
V  [jvm.dll+0x7a8fb1]
V  [jvm.dll+0x3670e1]
V  [jvm.dll+0x788359]
V  [jvm.dll+0x3ea5ef]
V  [jvm.dll+0x3ec071]
C  [jli.dll+0x5297]
C  [ucrtbase.dll+0x29333]
C  [KERNEL32.DLL+0x1257d]
C  [ntdll.dll+0x5af28]


---------------  P R O C E S S  ---------------

Threads class SMR info:
_java_thread_list=0x00007ffe09de4998, length=0, elements={
}

Java Threads: ( => current thread )

Other Threads:
  0x000002e478145af0 GCTaskThread "GC Thread#0" [stack: 0x000000f95d200000,0x000000f95d300000] [id=900068]
  0x000002e4781565d0 ConcurrentGCThread "G1 Main Marker" [stack: 0x000000f95d300000,0x000000f95d400000] [id=900072]
  0x000002e478157690 ConcurrentGCThread "G1 Conc#0" [stack: 0x000000f95d400000,0x000000f95d500000] [id=900076]

[error occurred during error reporting (printing all threads), id 0xc0000005, EXCEPTION_ACCESS_VIOLATION (0xc0000005) at pc=0x00007ffe0961a697]

VM state: not at safepoint (not fully initialized)

VM Mutex/Monitor currently owned by a thread:  ([mutex/lock_event])
[0x000002e4780d2020] Heap_lock - owner thread: 0x000002e4780d5e40

Heap address: 0x0000000703600000, size: 4042 MB, Compressed Oops mode: Zero based, Oop shift amount: 3

CDS archive(s) mapped at: [0x0000000000000000-0x0000000000000000-0x0000000000000000), size 0, SharedBaseAddress: 0x0000000800000000, ArchiveRelocationMode: 0.
Narrow klass base: 0x0000000000000000, Narrow klass shift: 0, Narrow klass range: 0x0

GC Precious Log:
<Empty>

Heap:
 garbage-first heap   total 0K, used 0K [0x0000000703600000, 0x0000000800000000)
  region size 2048K, 0 young (0K), 0 survivors (0K)

[error occurred during error reporting (printing heap information), id 0xc0000005, EXCEPTION_ACCESS_VIOLATION (0xc0000005) at pc=0x00007ffe09a000b9]

GC Heap History (0 events):
No events

Deoptimization events (0 events):
No events

Classes unloaded (0 events):
No events

Classes redefined (0 events):
No events

Internal exceptions (0 events):
No events

VM Operations (0 events):
No events

Events (1 events):
Event: 0.009 Loaded shared library C:\Program Files\Java\jdk-17\bin\java.dll


Dynamic libraries:
0x00007ff62cc50000 - 0x00007ff62cc60000 	C:\Program Files\Java\jdk-17\bin\java.exe
0x00007ffe516d0000 - 0x00007ffe518e7000 	C:\WINDOWS\SYSTEM32\ntdll.dll
0x00007ffe503d0000 - 0x00007ffe50494000 	C:\WINDOWS\System32\KERNEL32.DLL
0x00007ffe4ec00000 - 0x00007ffe4efad000 	C:\WINDOWS\System32\KERNELBASE.dll
0x00007ffe4f1c0000 - 0x00007ffe4f2d1000 	C:\WINDOWS\System32\ucrtbase.dll
0x00007ffe47ae0000 - 0x00007ffe47afb000 	C:\Program Files\Java\jdk-17\bin\VCRUNTIME140.dll
0x00007ffe3a820000 - 0x00007ffe3a839000 	C:\Program Files\Java\jdk-17\bin\jli.dll
0x00007ffe51330000 - 0x00007ffe513e2000 	C:\WINDOWS\System32\ADVAPI32.dll
0x00007ffe50630000 - 0x00007ffe506d7000 	C:\WINDOWS\System32\msvcrt.dll
0x00007ffe50580000 - 0x00007ffe50629000 	C:\WINDOWS\System32\sechost.dll
0x00007ffe4f190000 - 0x00007ffe4f1b8000 	C:\WINDOWS\System32\bcrypt.dll
0x00007ffe4fb70000 - 0x00007ffe4fc84000 	C:\WINDOWS\System32\RPCRT4.dll
0x00007ffe4f400000 - 0x00007ffe4f5ae000 	C:\WINDOWS\System32\USER32.dll
0x00007ffe4eb10000 - 0x00007ffe4eb36000 	C:\WINDOWS\System32\win32u.dll
0x00007ffe2a2c0000 - 0x00007ffe2a553000 	C:\WINDOWS\WinSxS\amd64_microsoft.windows.common-controls_6595b64144ccf1df_6.0.22621.3672_none_2713b9d173822955\COMCTL32.dll
0x00007ffe50230000 - 0x00007ffe50259000 	C:\WINDOWS\System32\GDI32.dll
0x00007ffe4f2e0000 - 0x00007ffe4f3f9000 	C:\WINDOWS\System32\gdi32full.dll
0x00007ffe4ea70000 - 0x00007ffe4eb0a000 	C:\WINDOWS\System32\msvcp_win.dll
0x00007ffe45310000 - 0x00007ffe4531a000 	C:\WINDOWS\SYSTEM32\VERSION.dll
0x00007ffe506e0000 - 0x00007ffe50711000 	C:\WINDOWS\System32\IMM32.DLL
0x00007ffe47960000 - 0x00007ffe4796c000 	C:\Program Files\Java\jdk-17\bin\vcruntime140_1.dll
0x00007ffe0d480000 - 0x00007ffe0d50e000 	C:\Program Files\Java\jdk-17\bin\msvcp140.dll
0x00007ffe09330000 - 0x00007ffe09f0d000 	C:\Program Files\Java\jdk-17\bin\server\jvm.dll
0x00007ffe50360000 - 0x00007ffe50368000 	C:\WINDOWS\System32\PSAPI.DLL
0x00007ffe45d70000 - 0x00007ffe45da4000 	C:\WINDOWS\SYSTEM32\WINMM.dll
0x00007ffe2db70000 - 0x00007ffe2db79000 	C:\WINDOWS\SYSTEM32\WSOCK32.dll
0x00007ffe50180000 - 0x00007ffe501f1000 	C:\WINDOWS\System32\WS2_32.dll
0x00007ffe4db30000 - 0x00007ffe4db48000 	C:\WINDOWS\SYSTEM32\kernel.appcore.dll
0x00007ffe44780000 - 0x00007ffe4478a000 	C:\Program Files\Java\jdk-17\bin\jimage.dll
0x00007ffe4c3a0000 - 0x00007ffe4c5d2000 	C:\WINDOWS\SYSTEM32\DBGHELP.DLL
0x00007ffe4fdf0000 - 0x00007ffe5017e000 	C:\WINDOWS\System32\combase.dll
0x00007ffe504a0000 - 0x00007ffe50577000 	C:\WINDOWS\System32\OLEAUT32.dll
0x00007ffe34db0000 - 0x00007ffe34de2000 	C:\WINDOWS\SYSTEM32\dbgcore.DLL
0x00007ffe4e9f0000 - 0x00007ffe4ea6b000 	C:\WINDOWS\System32\bcryptPrimitives.dll
0x00007ffe3a320000 - 0x00007ffe3a345000 	C:\Program Files\Java\jdk-17\bin\java.dll

dbghelp: loaded successfully - version: 4.0.5 - missing functions: none
symbol engine: initialized successfully - sym options: 0x614 - pdb path: .;C:\Program Files\Java\jdk-17\bin;C:\WINDOWS\SYSTEM32;C:\WINDOWS\WinSxS\amd64_microsoft.windows.common-controls_6595b64144ccf1df_6.0.22621.3672_none_2713b9d173822955;C:\Program Files\Java\jdk-17\bin\server

VM Arguments:
jvm_args: -Dclassworlds.conf=D:\App File\NetBeans-22\netbeans\java\maven\bin\m2.conf -Dmaven.home=D:\App File\NetBeans-22\netbeans\java\maven -Dlibrary.jansi.path=D:\App File\NetBeans-22\netbeans\java\maven\lib\jansi-native -Dmaven.multiModuleProjectDirectory=C:\Users\iemeiemi\Documents\NetBeansProjects\UDPSocketServer 
java_command: org.codehaus.plexus.classworlds.launcher.Launcher -Dexec.vmArgs= -Dexec.args=${exec.vmArgs} -classpath %classpath ${exec.mainClass} ${exec.appArgs} -Dexec.appArgs= -Dexec.mainClass=com.mycompany.udpsocketserver.UDPSocketServer -Dexec.executable=C:\Program Files\Java\jdk-17\bin\java.exe -Dmaven.ext.class.path=D:\App File\NetBeans-22\netbeans\java\maven-nblib\netbeans-eventspy.jar --no-transfer-progress process-classes org.codehaus.mojo:exec-maven-plugin:3.1.0:exec
java_class_path (initial): D:\App File\NetBeans-22\netbeans\java\maven\boot\plexus-classworlds-2.7.0.jar
Launcher Type: SUN_STANDARD

[Global flags]
     intx CICompilerCount                          = 4                                         {product} {ergonomic}
     uint ConcGCThreads                            = 3                                         {product} {ergonomic}
     uint G1ConcRefinementThreads                  = 10                                        {product} {ergonomic}
   size_t G1HeapRegionSize                         = 2097152                                   {product} {ergonomic}
    uintx GCDrainStackTargetSize                   = 64                                        {product} {ergonomic}
   size_t InitialHeapSize                          = 266338304                                 {product} {ergonomic}
   size_t MarkStackSize                            = 4194304                                   {product} {ergonomic}
   size_t MaxHeapSize                              = 4238344192                                {product} {ergonomic}
   size_t MinHeapDeltaBytes                        = 2097152                                   {product} {ergonomic}
   size_t MinHeapSize                              = 8388608                                   {product} {ergonomic}
    uintx NonNMethodCodeHeapSize                   = 5839372                                {pd product} {ergonomic}
    uintx NonProfiledCodeHeapSize                  = 122909434                              {pd product} {ergonomic}
    uintx ProfiledCodeHeapSize                     = 122909434                              {pd product} {ergonomic}
    uintx ReservedCodeCacheSize                    = 251658240                              {pd product} {ergonomic}
     bool SegmentedCodeCache                       = true                                      {product} {ergonomic}
   size_t SoftMaxHeapSize                          = 4238344192                             {manageable} {ergonomic}
     bool UseCompressedClassPointers               = true                           {product lp64_product} {ergonomic}
     bool UseCompressedOops                        = true                           {product lp64_product} {ergonomic}
     bool UseG1GC                                  = true                                      {product} {ergonomic}
     bool UseLargePagesIndividualAllocation        = false                                  {pd product} {ergonomic}

Logging:
Log output configuration:
 #0: stdout all=warning uptime,level,tags
 #1: stderr all=off uptime,level,tags

Environment Variables:
JAVA_HOME=C:\Program Files\Java\jdk-17
PATH=C:\Windows\system32;C:\Windows;C:\Windows\System32\Wbem;C:\Windows\System32\WindowsPowerShell\v1.0\;C:\Windows\System32\OpenSSH\;C:\Program Files (x86)\NVIDIA Corporation\PhysX\Common;C:\Program Files\NVIDIA Corporation\NVIDIA NvDLISR;C:\Program Files\Azure Data Studio\bin;C:\Program Files\Microsoft SQL Server\Client SDK\ODBC\170\Tools\Binn\;C:\Program Files (x86)\Microsoft SQL Server\150\Tools\Binn\;C:\Program Files\Microsoft SQL Server\150\Tools\Binn\;C:\Program Files\Microsoft SQL Server\150\DTS\Binn\;C:\WINDOWS\system32;C:\WINDOWS;C:\WINDOWS\System32\Wbem;C:\WINDOWS\System32\WindowsPowerShell\v1.0\;C:\WINDOWS\System32\OpenSSH\;C:\ProgramData\ComposerSetup\bin;C:\Program Files\Common Files\Oracle\Java\javapath;D:\App File\Git\cmd;D:\AppFile\xampp2\php;C:\Users\iemeiemi\AppData\Local\Programs\Python\Python312\Scripts;C:\Users\iemeiemi\AppData\Roaming\nvm;C:\Program Files\nodejs;C:\Program Files\PostgreSQL\16\bin;C:\ProgramData\chocolatey\bin;C:\Program Files\Amazon\AWSCLIV2\;C:\ProgramData\chocolatey\bin;C:\Users\iemeiemi\AppData\Local\Programs\Python\Launcher\;C:\Users\iemeiemi\AppData\Local\Microsoft\WindowsApps;C:\Program Files\Azure Data Studio\bin;C:\Users\iemeiemi\AppData\Local\Programs\Microsoft VS Code\bin;C:\Users\iemeiemi\AppData\Roaming\npm;D:\AppFile\xampp2\php;C:\Users\iemeiemi\AppData\Roaming\Composer\vendor\bin;D:\AppFile\PyCharm\PyCharm Community Edition 2023.3.3\bin;;C:\Users\iemeiemi\AppData\Roaming\nvm;C:\Program Files\nodejs;D:\App File\IntelliJIdea\IntelliJ IDEA Community Edition 2024.2.1\bin;
USERNAME=iemmeiemi
OS=Windows_NT
PROCESSOR_IDENTIFIER=Intel64 Family 6 Model 141 Stepping 1, GenuineIntel



---------------  S Y S T E M  ---------------

OS:
 Windows 11 , 64 bit Build 22621 (10.0.22621.3958)
OS uptime: 5 days 17:20 hours

CPU: total 12 (initial active 12) (6 cores per cpu, 2 threads per core) family 6 model 141 stepping 1 microcode 0x3c, cx8, cmov, fxsr, ht, mmx, 3dnowpref, sse, sse2, sse3, ssse3, sse4.1, sse4.2, popcnt, lzcnt, tsc, tscinvbit, avx, avx2, aes, erms, clmul, bmi1, bmi2, adx, avx512f, avx512dq, avx512cd, avx512bw, avx512vl, sha, fma, vzeroupper, avx512_vpopcntdq, avx512_vpclmulqdq, avx512_vaes, avx512_vnni, clflush, clflushopt, clwb, avx512_vbmi2, avx512_vbmi

Memory: 4k page, system-wide physical 16163M (340M free)
TotalPageFile size 39499M (AvailPageFile size 134M)
current process WorkingSet (physical memory assigned to process): 11M, peak: 11M
current process commit charge ("private bytes"): 64M, peak: 318M

vm_info: Java HotSpot(TM) 64-Bit Server VM (17.0.7+8-LTS-224) for windows-amd64 JRE (17.0.7+8-LTS-224), built on Feb 28 2023 23:03:02 by "mach5one" with MS VC++ 17.1 (VS2022)

END.
